The kernel config test failed for 5.0.x with:
```
[+ 38m 09s] [STDERR  ] 2019-03-11T00:10:26.669505716Z: FAILURE: CONFIG_CC_STACKPROTECTOR_STRONG=y
[+ 38m 09s] [STDERR  ] 2019-03-11T00:10:26.669520043Z: FAILURE: CONFIG_DEBUG_RODATA=y
[+ 38m 09s] [STDERR  ] 2019-03-11T00:10:26.669533373Z: FAILURE: CONFIG_DEBUG_SET_MODULE_RONX=y
[+ 38m 09s] [STDERR  ] 2019-03-11T00:10:26.669568697Z: kernel config test failed!
```