=== Build LinuxKit
[2017-10-24 11:40.48] Starting...
Cloning into '/tmp/with_clone1778f68d'...
done.
HEAD is now at b170f6283 Updates for kube+swarmd projects rebuilt with new alpine
[2017-10-24 11:40.49] Running "cp" "-p" "--" "/gcloud/ci-setup.sh" "/tmp/with_clone1778f68d/ci-setup.sh"
[2017-10-24 11:40.49] Building with timeout of 120 minutes
[2017-10-24 11:40.49] Running "/gcloud/create.py" "linuxkit-ci-7"
INFO:oauth2client.transport:Attempting refresh to obtain initial access_token
INFO:oauth2client.client:Refreshing access_token
INFO:root:Using source disk image https://www.googleapis.com/compute/v1/projects/moby-datakit-ci/global/images/linuxkit-ci-builder-4
INFO:root:Creating VM
INFO:root:Waiting for zone operation to finish
INFO:root:Operation in progress... waiting...
INFO:root:Operation in progress... waiting...
INFO:root:Getting VM details
[2017-10-24 11:41.03] Waiting for SSH service to start...
[2017-10-24 11:41.03] Running "ssh" "-i" "/run/secrets/builder-ssh" "-o" "UserKnownHostsFile=/dev/null" "-o" "StrictHostKeyChecking=no" "root@35.195.219.43" "uname" "-a"
Warning: Permanently added '35.195.219.43' (ECDSA) to the list of known hosts.
Linux linuxkit-ci-7 3.16.0-4-amd64 #1 SMP Debian 3.16.39-1+deb8u2 (2017-03-07) x86_64 GNU/Linux
[2017-10-24 11:42.09] Created new VM linuxkit-ci-7
[2017-10-24 11:42.09] Running "ssh" "-i" "/run/secrets/builder-ssh" "-o" "UserKnownHostsFile=/dev/null" "-o" "StrictHostKeyChecking=no" "root@35.195.219.43" "/usr/local/bin/test.sh"

[+  1m 19s] Warning: Permanently added '35.195.219.43' (ECDSA) to the list of known hosts.
[+  1m 19s] + rm -rf /tmp/build
[+  1m 19s] + mkdir /tmp/build
[+  1m 19s] + cd /tmp/build
[+  1m 19s] + tar xf -
[+  1m 33s] + '[' -x ci-setup.sh ']'
[+  1m 33s] + ./ci-setup.sh
[+  1m 33s] + mkdir -p /tmp/build/test/_results /tmp/build/artifacts
[+  1m 33s] + sysctl vm.overcommit_memory=1
[+  1m 33s] vm.overcommit_memory = 1
[+  1m 33s] + rm /tmp/build/ci-setup.sh
[+  1m 33s] + make ci-pr
[+  1m 33s] make clean
[+  1m 33s] make[1]: Entering directory '/tmp/build'
[+  1m 33s] rm -rf bin *.log *-kernel *-cmdline *-state *.img *.iso *.gz *.qcow2 *.vhd *.vmx *.vmdk *.tar *.raw
[+  1m 33s] make[1]: Leaving directory '/tmp/build'
[+  1m 33s] make -j 3 GOOS=darwin tmp_moby_bin.tar tmp_rtf_bin.tar tmp_mt_bin.tar tmp_linuxkit_bin.tar
[+  1m 33s] make[1]: Entering directory '/tmp/build'
[+  1m 33s] docker run --rm --log-driver=none -e http_proxy= -e https_proxy= -e GOOS=darwin linuxkit/go-compile:fb53f01a669de5e91ec855b4f67a57b514b4f6ed --clone-path github.com/moby/tool --clone https://github.com/moby/tool.git --commit 57c6720356a8ede6758d60c5d66752d8e19b9ecf --package github.com/moby/tool/cmd/moby --ldflags "-X main.GitCommit=57c6720356a8ede6758d60c5d66752d8e19b9ecf -X main.Version=0.0" -o bin/moby > tmp_moby_bin.tar
[+  1m 33s] docker run --rm --log-driver=none -e http_proxy= -e https_proxy= -e GOOS=darwin linuxkit/go-compile:fb53f01a669de5e91ec855b4f67a57b514b4f6ed --clone-path github.com/linuxkit/rtf --clone https://github.com/linuxkit/rtf.git --commit 3e8ed35ca934259cb644c2492bf9b181954a07e1 --package github.com/linuxkit/rtf --ldflags "-X github.com/linuxkit/rtf/cmd.GitCommit=3e8ed35ca934259cb644c2492bf9b181954a07e1 -X github.com/linuxkit/rtf/cmd.Version=0.0" -o bin/rtf > tmp_rtf_bin.tar
[+  1m 33s] docker run --rm --log-driver=none -e http_proxy= -e https_proxy= -e GOOS=darwin linuxkit/go-compile:fb53f01a669de5e91ec855b4f67a57b514b4f6ed --clone-path github.com/estesp/manifest-tool --clone https://github.com/estesp/manifest-tool --commit bfbd11963b8e0eb5f6e400afaebeaf39820b4e90 --package github.com/estesp/manifest-tool --ldflags "-X main.gitCommit=bfbd11963b8e0eb5f6e400afaebeaf39820b4e90" -o bin/manifest-tool > tmp_mt_bin.tar
[+  1m 34s] Unable to find image 'linuxkit/go-compile:fb53f01a669de5e91ec855b4f67a57b514b4f6ed' locally
[+  1m 34s] Unable to find image 'linuxkit/go-compile:fb53f01a669de5e91ec855b4f67a57b514b4f6ed' locally
[+  1m 34s] Unable to find image 'linuxkit/go-compile:fb53f01a669de5e91ec855b4f67a57b514b4f6ed' locally
[+  1m 36s] fb53f01a669de5e91ec855b4f67a57b514b4f6ed: Pulling from linuxkit/go-compile
[+  1m 36s] fb53f01a669de5e91ec855b4f67a57b514b4f6ed: Pulling from linuxkit/go-compile
[+  1m 36s] docker: no matching manifest for linux/amd64 in the manifest list entries.
[+  1m 36s] See 'docker run --help'.
[+  1m 36s] fb53f01a669de5e91ec855b4f67a57b514b4f6ed: Pulling from linuxkit/go-compile
[+  1m 36s] docker: no matching manifest for linux/amd64 in the manifest list entries.
[+  1m 36s] See 'docker run --help'.
[+  1m 36s] Makefile:54: recipe for target 'tmp_mt_bin.tar' failed
[+  1m 36s] Makefile:32: recipe for target 'tmp_moby_bin.tar' failed
[+  1m 36s] make[1]: *** [tmp_mt_bin.tar] Error 125
[+  1m 36s] make[1]: *** Waiting for unfinished jobs....
[+  1m 36s] make[1]: *** [tmp_moby_bin.tar] Error 125
[+  1m 36s] docker: no matching manifest for linux/amd64 in the manifest list entries.
[+  1m 36s] See 'docker run --help'.
[+  1m 36s] Makefile:43: recipe for target 'tmp_rtf_bin.tar' failed
[+  1m 36s] make[1]: *** [tmp_rtf_bin.tar] Error 125
[+  1m 36s] make[1]: Leaving directory '/tmp/build'
[+  1m 36s] Makefile:67: recipe for target 'test-cross' failed
[+  1m 36s] make: *** [test-cross] Error 2[2017-10-24 11:42.26] Fetching results
[2017-10-24 11:42.26] Running "scp" "-r" "-i" "/run/secrets/builder-ssh" "-o" "StrictHostKeyChecking=no" "root@35.195.219.43:/tmp/build/test/_results" "."
Warning: Permanently added '35.195.219.43' (ECDSA) to the list of known hosts.
[2017-10-24 11:42.26] Removing test VM...
[2017-10-24 11:42.26] Running "/gcloud/destroy.py" "linuxkit-ci-7"
INFO:root:Destroying VM
INFO:oauth2client.transport:Attempting refresh to obtain initial access_token
INFO:oauth2client.client:Refreshing access_token
INFO:root:Waiting for zone operation to finish
INFO:root:Operation in progress... waiting...
INFO:root:Operation in progress... waiting...
INFO:root:Operation in progress... waiting...
INFO:root:Operation in progress... waiting...
INFO:root:Operation in progress... waiting...
INFO:root:Operation in progress... waiting...
INFO:root:Operation in progress... waiting...
INFO:root:Operation in progress... waiting...
INFO:root:Operation in progress... waiting...
[2017-10-24 11:43.15] Failed: recipe for target 'test-cross' failed
